<?xml version="1.0" encoding="UTF-8"?>
<!-- Generated by org.testng.reporters.JUnitReportReporter -->
<testsuite hostname="AnuMathsMacBook.fios-router.home" failures="0" tests="5" name="employees.emptest" time="0.107" errors="0" timestamp="2019-10-07T19:11:38 EDT" skipped="0">
  <testcase classname="employees.emptest" name="testNothing" time="0.047"/>
  <testcase classname="employees.emptest" name="testAgeSort" time="0.043"/>
  <testcase classname="employees.emptest" name="testSalarySort" time="0.005"/>
  <testcase classname="employees.emptest" name="testNothing" time="0.004"/>
  <testcase classname="employees.emptest" name="sometest1" time="0.008"/>
</testsuite> <!-- employees.emptest -->
