<?xml version="1.0" encoding="UTF-8"?>
<!-- Generated by org.testng.reporters.JUnitReportReporter -->
<testsuite hostname="AnuMathsMacBook.fios-router.home" failures="0" tests="1" name="employees.emptestwithxml" time="0.019" errors="0" timestamp="2019-10-07T19:03:10 EDT" skipped="0">
  <testcase classname="employees.emptestwithxml" name="testOne" time="0.019"/>
</testsuite> <!-- employees.emptestwithxml -->
