<?xml version="1.0" encoding="UTF-8"?>
<!-- Generated by org.testng.reporters.JUnitReportReporter -->
<testsuite hostname="AnuMathsMacBook.fios-router.home" failures="0" tests="1" name="employees.emptest" time="0.016" errors="0" timestamp="2019-10-02T22:12:55 EDT" skipped="0">
  <testcase classname="employees.emptest" name="testSalarySort" time="0.016"/>
</testsuite> <!-- employees.emptest -->
